1764890687.246224 client started (365636): version 3.2a, socket /tmp/tmux-1000/default, protocol 8
1764890687.246251 on Linux 6.8.0-1040-aws #42~22.04.1-Ubuntu SMP Wed Sep 24 10:26:57 UTC 2025
1764890687.246256 using libevent 2.1.12-stable (poll); ncurses 6.3
1764890687.246269 flags are 0x10010000
1764890687.246273 socket is /tmp/tmux-1000/default
1764890687.246284 trying connect
1764890687.246354 add peer 0x586c23dfeb80: 6 ((nil))
1764890687.246607 sending message 100 to peer 0x586c23dfeb80 (4 bytes)
1764890687.246619 sending message 111 to peer 0x586c23dfeb80 (8 bytes)
1764890687.246624 sending message 101 to peer 0x586c23dfeb80 (14 bytes)
1764890687.246627 sending message 109 to peer 0x586c23dfeb80 (4 bytes)
1764890687.246631 sending message 102 to peer 0x586c23dfeb80 (11 bytes)
1764890687.246635 sending message 108 to peer 0x586c23dfeb80 (26 bytes)
1764890687.246639 sending message 112 to peer 0x586c23dfeb80 (70 bytes)
1764890687.246643 sending message 112 to peer 0x586c23dfeb80 (5 bytes)
1764890687.246647 sending message 112 to peer 0x586c23dfeb80 (5 bytes)
1764890687.246651 sending message 112 to peer 0x586c23dfeb80 (6 bytes)
1764890687.246654 sending message 112 to peer 0x586c23dfeb80 (6 bytes)
1764890687.246658 sending message 112 to peer 0x586c23dfeb80 (11 bytes)
1764890687.246662 sending message 112 to peer 0x586c23dfeb80 (10 bytes)
1764890687.246665 sending message 112 to peer 0x586c23dfeb80 (13 bytes)
1764890687.246669 sending message 112 to peer 0x586c23dfeb80 (13 bytes)
1764890687.246673 sending message 112 to peer 0x586c23dfeb80 (18 bytes)
1764890687.246676 sending message 112 to peer 0x586c23dfeb80 (11 bytes)
1764890687.246680 sending message 112 to peer 0x586c23dfeb80 (10 bytes)
1764890687.246684 sending message 112 to peer 0x586c23dfeb80 (15 bytes)
1764890687.246687 sending message 112 to peer 0x586c23dfeb80 (21 bytes)
1764890687.246691 sending message 112 to peer 0x586c23dfeb80 (13 bytes)
1764890687.246695 sending message 112 to peer 0x586c23dfeb80 (7 bytes)
1764890687.246698 sending message 112 to peer 0x586c23dfeb80 (13 bytes)
1764890687.246702 sending message 112 to peer 0x586c23dfeb80 (7 bytes)
1764890687.246706 sending message 112 to peer 0x586c23dfeb80 (13 bytes)
1764890687.246709 sending message 112 to peer 0x586c23dfeb80 (9 bytes)
1764890687.246713 sending message 112 to peer 0x586c23dfeb80 (21 bytes)
1764890687.246717 sending message 112 to peer 0x586c23dfeb80 (13 bytes)
1764890687.246720 sending message 112 to peer 0x586c23dfeb80 (8 bytes)
1764890687.246724 sending message 112 to peer 0x586c23dfeb80 (12 bytes)
1764890687.246727 sending message 112 to peer 0x586c23dfeb80 (13 bytes)
1764890687.246731 sending message 112 to peer 0x586c23dfeb80 (9 bytes)
1764890687.246735 sending message 112 to peer 0x586c23dfeb80 (9 bytes)
1764890687.246738 sending message 112 to peer 0x586c23dfeb80 (12 bytes)
1764890687.246742 sending message 112 to peer 0x586c23dfeb80 (8 bytes)
1764890687.246746 sending message 112 to peer 0x586c23dfeb80 (8 bytes)
1764890687.246750 sending message 112 to peer 0x586c23dfeb80 (7 bytes)
1764890687.246753 sending message 112 to peer 0x586c23dfeb80 (7 bytes)
1764890687.246757 sending message 112 to peer 0x586c23dfeb80 (9 bytes)
1764890687.246760 sending message 112 to peer 0x586c23dfeb80 (13 bytes)
1764890687.246764 sending message 112 to peer 0x586c23dfeb80 (6 bytes)
1764890687.246768 sending message 112 to peer 0x586c23dfeb80 (9 bytes)
1764890687.246771 sending message 112 to peer 0x586c23dfeb80 (15 bytes)
1764890687.246775 sending message 112 to peer 0x586c23dfeb80 (13 bytes)
1764890687.246779 sending message 112 to peer 0x586c23dfeb80 (12 bytes)
1764890687.246782 sending message 112 to peer 0x586c23dfeb80 (8 bytes)
1764890687.246786 sending message 112 to peer 0x586c23dfeb80 (14 bytes)
1764890687.246790 sending message 112 to peer 0x586c23dfeb80 (11 bytes)
1764890687.246793 sending message 112 to peer 0x586c23dfeb80 (9 bytes)
1764890687.246797 sending message 112 to peer 0x586c23dfeb80 (10 bytes)
1764890687.246801 sending message 112 to peer 0x586c23dfeb80 (10 bytes)
1764890687.246804 sending message 112 to peer 0x586c23dfeb80 (10 bytes)
1764890687.246815 sending message 112 to peer 0x586c23dfeb80 (10 bytes)
1764890687.246819 sending message 112 to peer 0x586c23dfeb80 (11 bytes)
1764890687.246823 sending message 112 to peer 0x586c23dfeb80 (12 bytes)
1764890687.246826 sending message 112 to peer 0x586c23dfeb80 (12 bytes)
1764890687.246830 sending message 112 to peer 0x586c23dfeb80 (12 bytes)
1764890687.246834 sending message 112 to peer 0x586c23dfeb80 (12 bytes)
1764890687.246837 sending message 112 to peer 0x586c23dfeb80 (12 bytes)
1764890687.246841 sending message 112 to peer 0x586c23dfeb80 (11 bytes)
1764890687.246845 sending message 112 to peer 0x586c23dfeb80 (11 bytes)
1764890687.246848 sending message 112 to peer 0x586c23dfeb80 (12 bytes)
1764890687.246852 sending message 112 to peer 0x586c23dfeb80 (12 bytes)
1764890687.246856 sending message 112 to peer 0x586c23dfeb80 (12 bytes)
1764890687.246859 sending message 112 to peer 0x586c23dfeb80 (12 bytes)
1764890687.246863 sending message 112 to peer 0x586c23dfeb80 (12 bytes)
1764890687.246867 sending message 112 to peer 0x586c23dfeb80 (10 bytes)
1764890687.246870 sending message 112 to peer 0x586c23dfeb80 (12 bytes)
1764890687.246874 sending message 112 to peer 0x586c23dfeb80 (13 bytes)
1764890687.246878 sending message 112 to peer 0x586c23dfeb80 (13 bytes)
1764890687.246881 sending message 112 to peer 0x586c23dfeb80 (13 bytes)
1764890687.246885 sending message 112 to peer 0x586c23dfeb80 (13 bytes)
1764890687.246889 sending message 112 to peer 0x586c23dfeb80 (13 bytes)
1764890687.246892 sending message 112 to peer 0x586c23dfeb80 (8 bytes)
1764890687.246896 sending message 112 to peer 0x586c23dfeb80 (11 bytes)
1764890687.246900 sending message 112 to peer 0x586c23dfeb80 (11 bytes)
1764890687.246903 sending message 112 to peer 0x586c23dfeb80 (11 bytes)
1764890687.246907 sending message 112 to peer 0x586c23dfeb80 (12 bytes)
1764890687.246911 sending message 112 to peer 0x586c23dfeb80 (12 bytes)
1764890687.246914 sending message 112 to peer 0x586c23dfeb80 (12 bytes)
1764890687.246918 sending message 112 to peer 0x586c23dfeb80 (12 bytes)
1764890687.246921 sending message 112 to peer 0x586c23dfeb80 (13 bytes)
1764890687.246925 sending message 112 to peer 0x586c23dfeb80 (13 bytes)
1764890687.246929 sending message 112 to peer 0x586c23dfeb80 (13 bytes)
1764890687.246932 sending message 112 to peer 0x586c23dfeb80 (8 bytes)
1764890687.246936 sending message 112 to peer 0x586c23dfeb80 (13 bytes)
1764890687.246940 sending message 112 to peer 0x586c23dfeb80 (13 bytes)
1764890687.246943 sending message 112 to peer 0x586c23dfeb80 (13 bytes)
1764890687.246947 sending message 112 to peer 0x586c23dfeb80 (13 bytes)
1764890687.246951 sending message 112 to peer 0x586c23dfeb80 (13 bytes)
1764890687.246954 sending message 112 to peer 0x586c23dfeb80 (12 bytes)
1764890687.246958 sending message 112 to peer 0x586c23dfeb80 (12 bytes)
1764890687.246961 sending message 112 to peer 0x586c23dfeb80 (12 bytes)
1764890687.246965 sending message 112 to peer 0x586c23dfeb80 (12 bytes)
1764890687.246969 sending message 112 to peer 0x586c23dfeb80 (13 bytes)
1764890687.246972 sending message 112 to peer 0x586c23dfeb80 (8 bytes)
1764890687.246976 sending message 112 to peer 0x586c23dfeb80 (13 bytes)
1764890687.246980 sending message 112 to peer 0x586c23dfeb80 (13 bytes)
1764890687.246983 sending message 112 to peer 0x586c23dfeb80 (13 bytes)
1764890687.246987 sending message 112 to peer 0x586c23dfeb80 (13 bytes)
1764890687.246991 sending message 112 to peer 0x586c23dfeb80 (13 bytes)
1764890687.246995 sending message 112 to peer 0x586c23dfeb80 (13 bytes)
1764890687.246999 sending message 112 to peer 0x586c23dfeb80 (13 bytes)
1764890687.247003 sending message 112 to peer 0x586c23dfeb80 (12 bytes)
1764890687.247008 sending message 112 to peer 0x586c23dfeb80 (12 bytes)
1764890687.247012 sending message 112 to peer 0x586c23dfeb80 (12 bytes)
1764890687.247016 sending message 112 to peer 0x586c23dfeb80 (8 bytes)
1764890687.247020 sending message 112 to peer 0x586c23dfeb80 (12 bytes)
1764890687.247024 sending message 112 to peer 0x586c23dfeb80 (13 bytes)
1764890687.247031 sending message 112 to peer 0x586c23dfeb80 (13 bytes)
1764890687.247035 sending message 112 to peer 0x586c23dfeb80 (13 bytes)
1764890687.247038 sending message 112 to peer 0x586c23dfeb80 (13 bytes)
1764890687.247042 sending message 112 to peer 0x586c23dfeb80 (13 bytes)
1764890687.247046 sending message 112 to peer 0x586c23dfeb80 (13 bytes)
1764890687.247049 sending message 112 to peer 0x586c23dfeb80 (13 bytes)
1764890687.247053 sending message 112 to peer 0x586c23dfeb80 (13 bytes)
1764890687.247057 sending message 112 to peer 0x586c23dfeb80 (12 bytes)
1764890687.247060 sending message 112 to peer 0x586c23dfeb80 (10 bytes)
1764890687.247064 sending message 112 to peer 0x586c23dfeb80 (12 bytes)
1764890687.247068 sending message 112 to peer 0x586c23dfeb80 (12 bytes)
1764890687.247071 sending message 112 to peer 0x586c23dfeb80 (12 bytes)
1764890687.247075 sending message 112 to peer 0x586c23dfeb80 (13 bytes)
1764890687.247078 sending message 112 to peer 0x586c23dfeb80 (13 bytes)
1764890687.247082 sending message 112 to peer 0x586c23dfeb80 (13 bytes)
1764890687.247086 sending message 112 to peer 0x586c23dfeb80 (13 bytes)
1764890687.247089 sending message 112 to peer 0x586c23dfeb80 (13 bytes)
1764890687.247093 sending message 112 to peer 0x586c23dfeb80 (13 bytes)
1764890687.247097 sending message 112 to peer 0x586c23dfeb80 (13 bytes)
1764890687.247100 sending message 112 to peer 0x586c23dfeb80 (10 bytes)
1764890687.247104 sending message 112 to peer 0x586c23dfeb80 (13 bytes)
1764890687.247108 sending message 112 to peer 0x586c23dfeb80 (12 bytes)
1764890687.247138 sending message 112 to peer 0x586c23dfeb80 (12 bytes)
1764890687.247149 sending message 112 to peer 0x586c23dfeb80 (12 bytes)
1764890687.247155 sending message 112 to peer 0x586c23dfeb80 (10 bytes)
1764890687.247160 sending message 112 to peer 0x586c23dfeb80 (10 bytes)
1764890687.247164 sending message 112 to peer 0x586c23dfeb80 (10 bytes)
1764890687.247168 sending message 112 to peer 0x586c23dfeb80 (12 bytes)
1764890687.247172 sending message 112 to peer 0x586c23dfeb80 (13 bytes)
1764890687.247175 sending message 112 to peer 0x586c23dfeb80 (13 bytes)
1764890687.247179 sending message 112 to peer 0x586c23dfeb80 (13 bytes)
1764890687.247182 sending message 112 to peer 0x586c23dfeb80 (13 bytes)
1764890687.247186 sending message 112 to peer 0x586c23dfeb80 (13 bytes)
1764890687.247190 sending message 112 to peer 0x586c23dfeb80 (11 bytes)
1764890687.247193 sending message 112 to peer 0x586c23dfeb80 (11 bytes)
1764890687.247197 sending message 112 to peer 0x586c23dfeb80 (12 bytes)
1764890687.247201 sending message 112 to peer 0x586c23dfeb80 (12 bytes)
1764890687.247205 sending message 112 to peer 0x586c23dfeb80 (12 bytes)
1764890687.247208 sending message 112 to peer 0x586c23dfeb80 (12 bytes)
1764890687.247212 sending message 112 to peer 0x586c23dfeb80 (12 bytes)
1764890687.247216 sending message 112 to peer 0x586c23dfeb80 (11 bytes)
1764890687.247219 sending message 112 to peer 0x586c23dfeb80 (12 bytes)
1764890687.247223 sending message 112 to peer 0x586c23dfeb80 (12 bytes)
1764890687.247227 sending message 112 to peer 0x586c23dfeb80 (13 bytes)
1764890687.247230 sending message 112 to peer 0x586c23dfeb80 (13 bytes)
1764890687.247234 sending message 112 to peer 0x586c23dfeb80 (13 bytes)
1764890687.247237 sending message 112 to peer 0x586c23dfeb80 (13 bytes)
1764890687.247241 sending message 112 to peer 0x586c23dfeb80 (13 bytes)
1764890687.247245 sending message 112 to peer 0x586c23dfeb80 (10 bytes)
1764890687.247248 sending message 112 to peer 0x586c23dfeb80 (9 bytes)
1764890687.247252 sending message 112 to peer 0x586c23dfeb80 (12 bytes)
1764890687.247256 sending message 112 to peer 0x586c23dfeb80 (13 bytes)
1764890687.247260 sending message 112 to peer 0x586c23dfeb80 (13 bytes)
1764890687.247263 sending message 112 to peer 0x586c23dfeb80 (13 bytes)
1764890687.247267 sending message 112 to peer 0x586c23dfeb80 (13 bytes)
1764890687.247271 sending message 112 to peer 0x586c23dfeb80 (13 bytes)
1764890687.247278 sending message 112 to peer 0x586c23dfeb80 (9 bytes)
1764890687.247282 sending message 112 to peer 0x586c23dfeb80 (12 bytes)
1764890687.247286 sending message 112 to peer 0x586c23dfeb80 (13 bytes)
1764890687.247289 sending message 112 to peer 0x586c23dfeb80 (13 bytes)
1764890687.247293 sending message 112 to peer 0x586c23dfeb80 (13 bytes)
1764890687.247297 sending message 112 to peer 0x586c23dfeb80 (13 bytes)
1764890687.247301 sending message 112 to peer 0x586c23dfeb80 (13 bytes)
1764890687.247304 sending message 112 to peer 0x586c23dfeb80 (11 bytes)
1764890687.247308 sending message 112 to peer 0x586c23dfeb80 (12 bytes)
1764890687.247311 sending message 112 to peer 0x586c23dfeb80 (13 bytes)
1764890687.247315 sending message 112 to peer 0x586c23dfeb80 (13 bytes)
1764890687.247319 sending message 112 to peer 0x586c23dfeb80 (13 bytes)
1764890687.247322 sending message 112 to peer 0x586c23dfeb80 (13 bytes)
1764890687.247326 sending message 112 to peer 0x586c23dfeb80 (13 bytes)
1764890687.247330 sending message 112 to peer 0x586c23dfeb80 (11 bytes)
1764890687.247333 sending message 112 to peer 0x586c23dfeb80 (12 bytes)
1764890687.247337 sending message 112 to peer 0x586c23dfeb80 (12 bytes)
1764890687.247341 sending message 112 to peer 0x586c23dfeb80 (12 bytes)
1764890687.247344 sending message 112 to peer 0x586c23dfeb80 (12 bytes)
1764890687.247348 sending message 112 to peer 0x586c23dfeb80 (12 bytes)
1764890687.247352 sending message 112 to peer 0x586c23dfeb80 (21 bytes)
1764890687.247355 sending message 112 to peer 0x586c23dfeb80 (12 bytes)
1764890687.247359 sending message 112 to peer 0x586c23dfeb80 (9 bytes)
1764890687.247362 sending message 112 to peer 0x586c23dfeb80 (6 bytes)
1764890687.247367 sending message 112 to peer 0x586c23dfeb80 (8 bytes)
1764890687.247377 sending message 112 to peer 0x586c23dfeb80 (15 bytes)
1764890687.247384 sending message 112 to peer 0x586c23dfeb80 (13 bytes)
1764890687.247390 sending message 112 to peer 0x586c23dfeb80 (9 bytes)
1764890687.247395 sending message 112 to peer 0x586c23dfeb80 (70 bytes)
1764890687.247399 sending message 112 to peer 0x586c23dfeb80 (69 bytes)
1764890687.247402 sending message 112 to peer 0x586c23dfeb80 (10 bytes)
1764890687.247406 sending message 112 to peer 0x586c23dfeb80 (10 bytes)
1764890687.247410 sending message 112 to peer 0x586c23dfeb80 (8 bytes)
1764890687.247413 sending message 112 to peer 0x586c23dfeb80 (15 bytes)
1764890687.247417 sending message 112 to peer 0x586c23dfeb80 (13 bytes)
1764890687.247421 sending message 112 to peer 0x586c23dfeb80 (10 bytes)
1764890687.247424 sending message 112 to peer 0x586c23dfeb80 (10 bytes)
1764890687.247428 sending message 112 to peer 0x586c23dfeb80 (17 bytes)
1764890687.247431 sending message 112 to peer 0x586c23dfeb80 (10 bytes)
1764890687.247435 sending message 112 to peer 0x586c23dfeb80 (13 bytes)
1764890687.247441 sending message 112 to peer 0x586c23dfeb80 (9 bytes)
1764890687.247452 sending message 112 to peer 0x586c23dfeb80 (5 bytes)
1764890687.247458 sending message 112 to peer 0x586c23dfeb80 (15 bytes)
1764890687.247464 sending message 104 to peer 0x586c23dfeb80 (0 bytes)
1764890687.247469 sending message 110 to peer 0x586c23dfeb80 (0 bytes)
1764890687.247473 sending message 107 to peer 0x586c23dfeb80 (4 bytes)
1764890687.247476 sending message 105 to peer 0x586c23dfeb80 (63 bytes)
1764890687.247480 sending message 105 to peer 0x586c23dfeb80 (66 bytes)
1764890687.247484 sending message 105 to peer 0x586c23dfeb80 (461 bytes)
1764890687.247487 sending message 105 to peer 0x586c23dfeb80 (53 bytes)
1764890687.247491 sending message 105 to peer 0x586c23dfeb80 (31 bytes)
1764890687.247495 sending message 105 to peer 0x586c23dfeb80 (15 bytes)
1764890687.247498 sending message 105 to peer 0x586c23dfeb80 (18 bytes)
1764890687.247502 sending message 105 to peer 0x586c23dfeb80 (12 bytes)
1764890687.247505 sending message 105 to peer 0x586c23dfeb80 (31 bytes)
1764890687.247509 sending message 105 to peer 0x586c23dfeb80 (11 bytes)
1764890687.247513 sending message 105 to peer 0x586c23dfeb80 (61 bytes)
1764890687.247519 sending message 105 to peer 0x586c23dfeb80 (37 bytes)
1764890687.247527 sending message 105 to peer 0x586c23dfeb80 (10 bytes)
1764890687.247531 sending message 105 to peer 0x586c23dfeb80 (18 bytes)
1764890687.247535 sending message 105 to peer 0x586c23dfeb80 (24 bytes)
1764890687.247538 sending message 105 to peer 0x586c23dfeb80 (44 bytes)
1764890687.247542 sending message 105 to peer 0x586c23dfeb80 (43 bytes)
1764890687.247545 sending message 105 to peer 0x586c23dfeb80 (21 bytes)
1764890687.247549 sending message 105 to peer 0x586c23dfeb80 (17 bytes)
1764890687.247553 sending message 105 to peer 0x586c23dfeb80 (8 bytes)
1764890687.247559 sending message 105 to peer 0x586c23dfeb80 (34 bytes)
1764890687.247564 sending message 105 to peer 0x586c23dfeb80 (32 bytes)
1764890687.247570 sending message 105 to peer 0x586c23dfeb80 (15 bytes)
1764890687.247576 sending message 105 to peer 0x586c23dfeb80 (32 bytes)
1764890687.247583 sending message 105 to peer 0x586c23dfeb80 (1519 bytes)
1764890687.247603 sending message 105 to peer 0x586c23dfeb80 (37 bytes)
1764890687.247610 sending message 105 to peer 0x586c23dfeb80 (32 bytes)
1764890687.247616 sending message 105 to peer 0x586c23dfeb80 (30 bytes)
1764890687.247622 sending message 105 to peer 0x586c23dfeb80 (19 bytes)
1764890687.247628 sending message 105 to peer 0x586c23dfeb80 (20 bytes)
1764890687.247634 sending message 105 to peer 0x586c23dfeb80 (37 bytes)
1764890687.247640 sending message 105 to peer 0x586c23dfeb80 (28 bytes)
1764890687.247644 sending message 105 to peer 0x586c23dfeb80 (24 bytes)
1764890687.247648 sending message 105 to peer 0x586c23dfeb80 (115 bytes)
1764890687.247651 sending message 105 to peer 0x586c23dfeb80 (33 bytes)
1764890687.247655 sending message 105 to peer 0x586c23dfeb80 (11 bytes)
1764890687.247659 sending message 105 to peer 0x586c23dfeb80 (2875 bytes)
1764890687.247663 sending message 105 to peer 0x586c23dfeb80 (189 bytes)
1764890687.247667 sending message 105 to peer 0x586c23dfeb80 (185 bytes)
1764890687.247671 sending message 105 to peer 0x586c23dfeb80 (30 bytes)
1764890687.247674 sending message 105 to peer 0x586c23dfeb80 (21 bytes)
1764890687.247678 sending message 105 to peer 0x586c23dfeb80 (15 bytes)
1764890687.247682 sending message 105 to peer 0x586c23dfeb80 (20 bytes)
1764890687.247685 sending message 105 to peer 0x586c23dfeb80 (8 bytes)
1764890687.247689 sending message 105 to peer 0x586c23dfeb80 (65 bytes)
1764890687.247693 sending message 105 to peer 0x586c23dfeb80 (19 bytes)
1764890687.247696 sending message 105 to peer 0x586c23dfeb80 (18 bytes)
1764890687.247700 sending message 105 to peer 0x586c23dfeb80 (26 bytes)
1764890687.247704 sending message 105 to peer 0x586c23dfeb80 (37 bytes)
1764890687.247707 sending message 105 to peer 0x586c23dfeb80 (13 bytes)
1764890687.247711 sending message 105 to peer 0x586c23dfeb80 (60 bytes)
1764890687.247715 sending message 105 to peer 0x586c23dfeb80 (12 bytes)
1764890687.247718 sending message 105 to peer 0x586c23dfeb80 (28 bytes)
1764890687.247722 sending message 105 to peer 0x586c23dfeb80 (42 bytes)
1764890687.247725 sending message 105 to peer 0x586c23dfeb80 (16 bytes)
1764890687.247729 sending message 105 to peer 0x586c23dfeb80 (1848 bytes)
1764890687.247734 sending message 105 to peer 0x586c23dfeb80 (43 bytes)
1764890687.247738 sending message 105 to peer 0x586c23dfeb80 (44 bytes)
1764890687.247741 sending message 105 to peer 0x586c23dfeb80 (111 bytes)
1764890687.247745 sending message 105 to peer 0x586c23dfeb80 (115 bytes)
1764890687.247749 sending message 105 to peer 0x586c23dfeb80 (15 bytes)
1764890687.247752 sending message 105 to peer 0x586c23dfeb80 (24 bytes)
1764890687.247756 sending message 105 to peer 0x586c23dfeb80 (629 bytes)
1764890687.247760 sending message 105 to peer 0x586c23dfeb80 (376 bytes)
1764890687.247763 sending message 105 to peer 0x586c23dfeb80 (42 bytes)
1764890687.247767 sending message 105 to peer 0x586c23dfeb80 (36 bytes)
1764890687.247771 sending message 105 to peer 0x586c23dfeb80 (30 bytes)
1764890687.247775 sending message 105 to peer 0x586c23dfeb80 (33 bytes)
1764890687.247786 sending message 106 to peer 0x586c23dfeb80 (0 bytes)
1764890687.247792 sending message 200 to peer 0x586c23dfeb80 (4 bytes)
1764890687.247796 client loop enter
1764890687.248283 peer 0x586c23dfeb80 message 303
1764890687.248294 open write file 2 -
1764890687.248301 sending message 305 to peer 0x586c23dfeb80 (8 bytes)
1764890687.248318 write check file 2
1764890687.248407 peer 0x586c23dfeb80 message 304
1764890687.248413 write 58 to file 2
1764890687.248417 peer 0x586c23dfeb80 message 203
1764890687.248421 file 2 58 bytes left
1764890687.248436 write check file 2
1764890687.248440 client loop exit
